<?xml version="1.0" encoding="UTF-8"?>
<testng-results skipped="0" failed="0" total="1" passed="1">
  <reporter-output>
  </reporter-output>
  <suite name="Default suite" duration-ms="47726" started-at="2017-02-16T04:27:47Z" finished-at="2017-02-16T04:28:34Z">
    <groups>
    </groups>
    <test name="Default test" duration-ms="47726" started-at="2017-02-16T04:27:47Z" finished-at="2017-02-16T04:28:34Z">
      <class name="plexus.test.PromotionForm">
        <test-method status="PASS" signature="LaunchBrowser()[pri:0, instance:plexus.test.PromotionForm@5b275dab]" name="LaunchBrowser" is-config="true" duration-ms="12997" started-at="2017-02-15T23:27:47Z" finished-at="2017-02-15T23:28:00Z">
          <reporter-output>
          </reporter-output>
        </test-method> <!-- LaunchBrowser -->
        <test-method status="PASS" signature="TestPromotionForm()[pri:0, instance:plexus.test.PromotionForm@5b275dab]" name="TestPromotionForm" duration-ms="34720" started-at="2017-02-15T23:28:00Z" finished-at="2017-02-15T23:28:34Z">
          <reporter-output>
          </reporter-output>
        </test-method> <!-- TestPromotionForm -->
      </class> <!-- plexus.test.PromotionForm -->
    </test> <!-- Default test -->
  </suite> <!-- Default suite -->
</testng-results>
